<?xml version="1.0" encoding="UTF-8"?>
<!-- Generated by org.testng.reporters.JUnitReportReporter -->
<testsuite hostname="Arifuls-MBP.lan" failures="0" tests="3" name="testPages.HomePageTest" time="30.811" errors="0" timestamp="2022-12-24T21:42:44 EST" skipped="2">
  <testcase classname="testPages.HomePageTest" name="clickInsuranceTest" time="30.811"/>
  <system-out/>
  <testcase classname="testPages.HomePageTest" name="clickFindAgentTest">
    <skipped/>
  </testcase> <!-- clickFindAgentTest -->
  <system-out/>
  <testcase classname="testPages.HomePageTest" name="clickSignInTest">
    <skipped/>
  </testcase> <!-- clickSignInTest -->
  <system-out/>
</testsuite> <!-- testPages.HomePageTest -->
