<?xml version="1.0" encoding="UTF-8"?>
<!-- Generated by org.testng.reporters.JUnitReportReporter -->
<testsuite hostname="Arifuls-MBP.lan" failures="0" tests="6" name="testPages.HomePageTest" time="36.738" errors="0" timestamp="2022-12-30T03:27:06 EST" skipped="5">
  <testcase classname="testPages.HomePageTest" name="clickSignInTest" time="36.738"/>
  <system-out/>
  <testcase classname="testPages.HomePageTest" name="clickFeedbackTest">
    <skipped/>
  </testcase> <!-- clickFeedbackTest -->
  <system-out/>
  <testcase classname="testPages.HomePageTest" name="clickFindAgentTest">
    <skipped/>
  </testcase> <!-- clickFindAgentTest -->
  <system-out/>
  <testcase classname="testPages.HomePageTest" name="clickFcontactUsTest">
    <skipped/>
  </testcase> <!-- clickFcontactUsTest -->
  <system-out/>
  <testcase classname="testPages.HomePageTest" name="clickInsuranceTest">
    <skipped/>
  </testcase> <!-- clickInsuranceTest -->
  <system-out/>
  <testcase classname="testPages.HomePageTest" name="clickLogoTest">
    <skipped/>
  </testcase> <!-- clickLogoTest -->
  <system-out/>
</testsuite> <!-- testPages.HomePageTest -->
